Release 12.1 Map M.53d (nt)
Xilinx Mapping Report File for Design 'sumavg_dp'

Design Information
------------------
Command Line   : map -intstyle ise -p xc6slx45-csg324-3 -w -ol high -t 1 -xt 0
-register_duplication off -global_opt off -ir off -pr off -lc off -power off -o
sumavg_dp_map.ncd sumavg_dp.ngd sumavg_dp.pcf 
Target Device  : xc6slx45
Target Package : csg324
Target Speed   : -3
Mapper Version : spartan6 -- $Revision: 1.52 $
Mapped Date    : Sun Apr 21 11:27:24 2024

Design Summary
--------------
Number of errors:      0
Number of warnings:    0
Slice Logic Utilization:
  Number of Slice Registers:                   373 out of  54,576    1%
    Number used as Flip Flops:                 279
    Number used as Latches:                     64
    Number used as Latch-thrus:                 30
    Number used as AND/OR logics:                0
  Number of Slice LUTs:                        306 out of  27,288    1%
    Number used as logic:                      251 out of  27,288    1%
      Number using O6 output only:              98
      Number using O5 output only:               0
      Number using O5 and O6:                  153
      Number used as ROM:                        0
    Number used as Memory:                       0 out of   6,408    0%
    Number used exclusively as route-thrus:     55
      Number with same-slice register load:     55
      Number with same-slice carry load:         0
      Number with other load:                    0

Slice Logic Distribution:
  Number of occupied Slices:                   107 out of   6,822    1%
  Number of LUT Flip Flop pairs used:          371
    Number with an unused Flip Flop:            87 out of     371   23%
    Number with an unused LUT:                  65 out of     371   17%
    Number of fully used LUT-FF pairs:         219 out of     371   59%
    Number of unique control sets:              12
    Number of slice register sites lost
      to control set restrictions:              17 out of  54,576    1%

  A LUT Flip Flop pair for this architecture represents one LUT paired with
  one Flip Flop within a slice.  A control set is a unique combination of
  clock, reset, set, and enable signals for a registered element.
  The Slice Logic Distribution report is not meaningful if the design is
  over-mapped for a non-slice resource or if Placement fails.

IO Utilization:
  Number of bonded IOBs:                       161 out of     218   73%
    IOB Latches:                                12

Specific Feature Utilization:
  Number of RAMB16BWERs:                         0 out of     116    0%
  Number of RAMB8BWERs:                          0 out of     232    0%
  Number of BUFIO2/BUFIO2_2CLKs:                 0 out of      32    0%
  Number of BUFIO2FB/BUFIO2FB_2CLKs:             0 out of      32    0%
  Number of BUFG/BUFGMUXs:                       4 out of      16   25%
    Number used as BUFGs:                        4
    Number used as BUFGMUX:                      0
  Number of DCM/DCM_CLKGENs:                     0 out of       8    0%
  Number of ILOGIC2/ISERDES2s:                   0 out of     376    0%
  Number of IODELAY2/IODRP2/IODRP2_MCBs:         0 out of     376    0%
  Number of OLOGIC2/OSERDES2s:                  12 out of     376    3%
    Number used as OLOGIC2s:                    12
    Number used as OSERDES2s:                    0
  Number of BSCANs:                              0 out of       4    0%
  Number of BUFHs:                               0 out of     256    0%
  Number of BUFPLLs:                             0 out of       8    0%
  Number of BUFPLL_MCBs:                         0 out of       4    0%
  Number of DSP48A1s:                            0 out of      58    0%
  Number of ICAPs:                               0 out of       1    0%
  Number of MCBs:                                0 out of       2    0%
  Number of PCILOGICSEs:                         0 out of       2    0%
  Number of PLL_ADVs:                            0 out of       4    0%
  Number of PMVs:                                0 out of       1    0%
  Number of STARTUPs:                            0 out of       1    0%
  Number of SUSPEND_SYNCs:                       0 out of       1    0%

Average Fanout of Non-Clock Nets:                2.83

Peak Memory Usage:  301 MB
Total REAL time to MAP completion:  10 secs 
Total CPU time to MAP completion:   9 secs 

Table of Contents
-----------------
Section 1 - Errors
Section 2 - Warnings
Section 3 - Informational
Section 4 - Removed Logic Summary
Section 5 - Removed Logic
Section 6 - IOB Properties
Section 7 - RPMs
Section 8 - Guide Report
Section 9 - Area Group and Partition Summary
Section 10 - Timing Report
Section 11 - Configuration String Information
Section 12 - Control Set Information
Section 13 - Utilization by Hierarchy

Section 1 - Errors
------------------

Section 2 - Warnings
--------------------

Section 3 - Informational
-------------------------
INFO:LIT:243 - Logical network sel_R_res has no load.
INFO:MapLib:562 - No environment variables are currently set.
INFO:LIT:244 - All of the single ended outputs in this design are using slew
   rate limited output drivers. The delay on speed critical single ended outputs
   can be dramatically reduced by designating them as fast outputs.
INFO:Pack:1716 - Initializing temperature to 85.000 Celsius. (default - Range:
   0.000 to 85.000 Celsius)
INFO:Pack:1720 - Initializing voltage to 1.140 Volts. (default - Range: 1.140 to
   1.260 Volts)
INFO:Map:215 - The Interim Design Summary has been generated in the MAP Report
   (.mrp).
INFO:Pack:1650 - Map created a placed design.

Section 4 - Removed Logic Summary
---------------------------------
   2 block(s) removed
   2 block(s) optimized away

Section 5 - Removed Logic
-------------------------

The trimmed logic report below shows the logic removed from your design due to
sourceless or loadless signals, and VCC or ground connections.  If the removal
of a signal or symbol results in the subsequent removal of an additional signal
or symbol, the message explaining that second removal will be indented.  This
indentation will be repeated as a chain of related logic is removed.

To quickly locate the original cause for the removal of a chain of logic, look
above the place where that logic is listed in the trimming report, then locate
the lines that are least indented (begin at the leftmost edge).

Loadless block "Madd_in_R_res31" (ROM) removed.
Loadless block "Madd_in_R_res[31]_in_R_D2[31]_add_24_OUT31" (ROM) removed.

Optimized Block(s):
TYPE 		BLOCK
GND 		XST_GND
VCC 		XST_VCC

To enable printing of redundant blocks removed and signals merged, set the
detailed map report option and rerun map.

Section 6 - IOB Properties
--------------------------

+---------------------------------------------------------------------------------------------------------------------------------------------------------+
| IOB Name                           | Type             | Direction | IO Standard          | Diff  | Drive    | Slew | Reg (s)      | Resistor | IOB      |
|                                    |                  |           |                      | Term  | Strength | Rate |              |          | Delay    |
+---------------------------------------------------------------------------------------------------------------------------------------------------------+
| CLK                                | IOB              | INPUT     | LVCMOS25             |       |          |      |              |          |          |
| count_eq_L                         | IOB              | OUTPUT    | LVCMOS25             |       | 12       | SLOW |              |          |          |
| div_abort                          | IOB              | INPUT     | LVCMOS25             |       |          |      |              |          |          |
| div_ready                          | IOB              | OUTPUT    | LVCMOS25             |       | 12       | SLOW |              |          |          |
| div_start                          | IOB              | INPUT     | LVCMOS25             |       |          |      |              |          |          |
| division_by_zero                   | IOB              | OUTPUT    | LVCMOS25             |       | 12       | SLOW |              |          |          |
| len<0>                             | IOB              | INPUT     | LVCMOS25             |       |          |      |              |          |          |
| len<1>                             | IOB              | INPUT     | LVCMOS25             |       |          |      |              |          |          |
| len<2>                             | IOB              | INPUT     | LVCMOS25             |       |          |      |              |          |          |
| len<3>                             | IOB              | INPUT     | LVCMOS25             |       |          |      |              |          |          |
| len<4>                             | IOB              | INPUT     | LVCMOS25             |       |          |      |              |          |          |
| len<5>                             | IOB              | INPUT     | LVCMOS25             |       |          |      |              |          |          |
| len<6>                             | IOB              | INPUT     | LVCMOS25             |       |          |      |              |          |          |
| len<7>                             | IOB              | INPUT     | LVCMOS25             |       |          |      |              |          |          |
| load_CNT                           | IOB              | INPUT     | LVCMOS25             |       |          |      |              |          |          |
| load_L                             | IOB              | INPUT     | LVCMOS25             |       |          |      |              |          |          |
| load_R_D1                          | IOB              | INPUT     | LVCMOS25             |       |          |      |              |          |          |
| load_R_D2                          | IOB              | INPUT     | LVCMOS25             |       |          |      |              |          |          |
| load_R_X                           | IOB              | INPUT     | LVCMOS25             |       |          |      |              |          |          |
| load_R_Y                           | IOB              | INPUT     | LVCMOS25             |       |          |      |              |          |          |
| load_R_res                         | IOB              | INPUT     | LVCMOS25             |       |          |      |              |          |          |
| load_result                        | IOB              | INPUT     | LVCMOS25             |       |          |      |              |          |          |
| mem_addr<0>                        | IOB              | OUTPUT    | LVCMOS25             |       | 12       | SLOW | OLATCH       |          |          |
| mem_addr<1>                        | IOB              | OUTPUT    | LVCMOS25             |       | 12       | SLOW | OLATCH       |          |          |
| mem_addr<2>                        | IOB              | OUTPUT    | LVCMOS25             |       | 12       | SLOW | OLATCH       |          |          |
| mem_addr<3>                        | IOB              | OUTPUT    | LVCMOS25             |       | 12       | SLOW | OLATCH       |          |          |
| mem_addr<4>                        | IOB              | OUTPUT    | LVCMOS25             |       | 12       | SLOW | OLATCH       |          |          |
| mem_addr<5>                        | IOB              | OUTPUT    | LVCMOS25             |       | 12       | SLOW | OLATCH       |          |          |
| mem_addr<6>                        | IOB              | OUTPUT    | LVCMOS25             |       | 12       | SLOW | OLATCH       |          |          |
| mem_addr<7>                        | IOB              | OUTPUT    | LVCMOS25             |       | 12       | SLOW | OLATCH       |          |          |
| mem_addr<8>                        | IOB              | OUTPUT    | LVCMOS25             |       | 12       | SLOW | OLATCH       |          |          |
| mem_addr<9>                        | IOB              | OUTPUT    | LVCMOS25             |       | 12       | SLOW | OLATCH       |          |          |
| mem_addr<10>                       | IOB              | OUTPUT    | LVCMOS25             |       | 12       | SLOW | OLATCH       |          |          |
| mem_addr<11>                       | IOB              | OUTPUT    | LVCMOS25             |       | 12       | SLOW | OLATCH       |          |          |
| mem_datain<0>                      | IOB              | OUTPUT    | LVCMOS25             |       | 12       | SLOW |              |          |          |
| mem_datain<1>                      | IOB              | OUTPUT    | LVCMOS25             |       | 12       | SLOW |              |          |          |
| mem_datain<2>                      | IOB              | OUTPUT    | LVCMOS25             |       | 12       | SLOW |              |          |          |
| mem_datain<3>                      | IOB              | OUTPUT    | LVCMOS25             |       | 12       | SLOW |              |          |          |
| mem_datain<4>                      | IOB              | OUTPUT    | LVCMOS25             |       | 12       | SLOW |              |          |          |
| mem_datain<5>                      | IOB              | OUTPUT    | LVCMOS25             |       | 12       | SLOW |              |          |          |
| mem_datain<6>                      | IOB              | OUTPUT    | LVCMOS25             |       | 12       | SLOW |              |          |          |
| mem_datain<7>                      | IOB              | OUTPUT    | LVCMOS25             |       | 12       | SLOW |              |          |          |
| mem_datain<8>                      | IOB              | OUTPUT    | LVCMOS25             |       | 12       | SLOW |              |          |          |
| mem_datain<9>                      | IOB              | OUTPUT    | LVCMOS25             |       | 12       | SLOW |              |          |          |
| mem_datain<10>                     | IOB              | OUTPUT    | LVCMOS25             |       | 12       | SLOW |              |          |          |
| mem_datain<11>                     | IOB              | OUTPUT    | LVCMOS25             |       | 12       | SLOW |              |          |          |
| mem_datain<12>                     | IOB              | OUTPUT    | LVCMOS25             |       | 12       | SLOW |              |          |          |
| mem_datain<13>                     | IOB              | OUTPUT    | LVCMOS25             |       | 12       | SLOW |              |          |          |
| mem_datain<14>                     | IOB              | OUTPUT    | LVCMOS25             |       | 12       | SLOW |              |          |          |
| mem_datain<15>                     | IOB              | OUTPUT    | LVCMOS25             |       | 12       | SLOW |              |          |          |
| mem_datain<16>                     | IOB              | OUTPUT    | LVCMOS25             |       | 12       | SLOW |              |          |          |
| mem_datain<17>                     | IOB              | OUTPUT    | LVCMOS25             |       | 12       | SLOW |              |          |          |
| mem_datain<18>                     | IOB              | OUTPUT    | LVCMOS25             |       | 12       | SLOW |              |          |          |
| mem_datain<19>                     | IOB              | OUTPUT    | LVCMOS25             |       | 12       | SLOW |              |          |          |
| mem_datain<20>                     | IOB              | OUTPUT    | LVCMOS25             |       | 12       | SLOW |              |          |          |
| mem_datain<21>                     | IOB              | OUTPUT    | LVCMOS25             |       | 12       | SLOW |              |          |          |
| mem_datain<22>                     | IOB              | OUTPUT    | LVCMOS25             |       | 12       | SLOW |              |          |          |
| mem_datain<23>                     | IOB              | OUTPUT    | LVCMOS25             |       | 12       | SLOW |              |          |          |
| mem_datain<24>                     | IOB              | OUTPUT    | LVCMOS25             |       | 12       | SLOW |              |          |          |
| mem_datain<25>                     | IOB              | OUTPUT    | LVCMOS25             |       | 12       | SLOW |              |          |          |
| mem_datain<26>                     | IOB              | OUTPUT    | LVCMOS25             |       | 12       | SLOW |              |          |          |
| mem_datain<27>                     | IOB              | OUTPUT    | LVCMOS25             |       | 12       | SLOW |              |          |          |
| mem_datain<28>                     | IOB              | OUTPUT    | LVCMOS25             |       | 12       | SLOW |              |          |          |
| mem_datain<29>                     | IOB              | OUTPUT    | LVCMOS25             |       | 12       | SLOW |              |          |          |
| mem_datain<30>                     | IOB              | OUTPUT    | LVCMOS25             |       | 12       | SLOW |              |          |          |
| mem_datain<31>                     | IOB              | OUTPUT    | LVCMOS25             |       | 12       | SLOW |              |          |          |
| mem_dataout<0>                     | IOB              | INPUT     | LVCMOS25             |       |          |      |              |          |          |
| mem_dataout<1>                     | IOB              | INPUT     | LVCMOS25             |       |          |      |              |          |          |
| mem_dataout<2>                     | IOB              | INPUT     | LVCMOS25             |       |          |      |              |          |          |
| mem_dataout<3>                     | IOB              | INPUT     | LVCMOS25             |       |          |      |              |          |          |
| mem_dataout<4>                     | IOB              | INPUT     | LVCMOS25             |       |          |      |              |          |          |
| mem_dataout<5>                     | IOB              | INPUT     | LVCMOS25             |       |          |      |              |          |          |
| mem_dataout<6>                     | IOB              | INPUT     | LVCMOS25             |       |          |      |              |          |          |
| mem_dataout<7>                     | IOB              | INPUT     | LVCMOS25             |       |          |      |              |          |          |
| mem_dataout<8>                     | IOB              | INPUT     | LVCMOS25             |       |          |      |              |          |          |
| mem_dataout<9>                     | IOB              | INPUT     | LVCMOS25             |       |          |      |              |          |          |
| mem_dataout<10>                    | IOB              | INPUT     | LVCMOS25             |       |          |      |              |          |          |
| mem_dataout<11>                    | IOB              | INPUT     | LVCMOS25             |       |          |      |              |          |          |
| mem_dataout<12>                    | IOB              | INPUT     | LVCMOS25             |       |          |      |              |          |          |
| mem_dataout<13>                    | IOB              | INPUT     | LVCMOS25             |       |          |      |              |          |          |
| mem_dataout<14>                    | IOB              | INPUT     | LVCMOS25             |       |          |      |              |          |          |
| mem_dataout<15>                    | IOB              | INPUT     | LVCMOS25             |       |          |      |              |          |          |
| mem_dataout<16>                    | IOB              | INPUT     | LVCMOS25             |       |          |      |              |          |          |
| mem_dataout<17>                    | IOB              | INPUT     | LVCMOS25             |       |          |      |              |          |          |
| mem_dataout<18>                    | IOB              | INPUT     | LVCMOS25             |       |          |      |              |          |          |
| mem_dataout<19>                    | IOB              | INPUT     | LVCMOS25             |       |          |      |              |          |          |
| mem_dataout<20>                    | IOB              | INPUT     | LVCMOS25             |       |          |      |              |          |          |
| mem_dataout<21>                    | IOB              | INPUT     | LVCMOS25             |       |          |      |              |          |          |
| mem_dataout<22>                    | IOB              | INPUT     | LVCMOS25             |       |          |      |              |          |          |
| mem_dataout<23>                    | IOB              | INPUT     | LVCMOS25             |       |          |      |              |          |          |
| mem_dataout<24>                    | IOB              | INPUT     | LVCMOS25             |       |          |      |              |          |          |
| mem_dataout<25>                    | IOB              | INPUT     | LVCMOS25             |       |          |      |              |          |          |
| mem_dataout<26>                    | IOB              | INPUT     | LVCMOS25             |       |          |      |              |          |          |
| mem_dataout<27>                    | IOB              | INPUT     | LVCMOS25             |       |          |      |              |          |          |
| mem_dataout<28>                    | IOB              | INPUT     | LVCMOS25             |       |          |      |              |          |          |
| mem_dataout<29>                    | IOB              | INPUT     | LVCMOS25             |       |          |      |              |          |          |
| mem_dataout<30>                    | IOB              | INPUT     | LVCMOS25             |       |          |      |              |          |          |
| mem_dataout<31>                    | IOB              | INPUT     | LVCMOS25             |       |          |      |              |          |          |
| overflow                           | IOB              | OUTPUT    | LVCMOS25             |       | 12       | SLOW |              |          |          |
| ptr1<0>                            | IOB              | INPUT     | LVCMOS25             |       |          |      |              |          |          |
| ptr1<1>                            | IOB              | INPUT     | LVCMOS25             |       |          |      |              |          |          |
| ptr1<2>                            | IOB              | INPUT     | LVCMOS25             |       |          |      |              |          |          |
| ptr1<3>                            | IOB              | INPUT     | LVCMOS25             |       |          |      |              |          |          |
| ptr1<4>                            | IOB              | INPUT     | LVCMOS25             |       |          |      |              |          |          |
| ptr1<5>                            | IOB              | INPUT     | LVCMOS25             |       |          |      |              |          |          |
| ptr1<6>                            | IOB              | INPUT     | LVCMOS25             |       |          |      |              |          |          |
| ptr1<7>                            | IOB              | INPUT     | LVCMOS25             |       |          |      |              |          |          |
| ptr1<8>                            | IOB              | INPUT     | LVCMOS25             |       |          |      |              |          |          |
| ptr1<9>                            | IOB              | INPUT     | LVCMOS25             |       |          |      |              |          |          |
| ptr1<10>                           | IOB              | INPUT     | LVCMOS25             |       |          |      |              |          |          |
| ptr1<11>                           | IOB              | INPUT     | LVCMOS25             |       |          |      |              |          |          |
| ptr2<0>                            | IOB              | INPUT     | LVCMOS25             |       |          |      |              |          |          |
| ptr2<1>                            | IOB              | INPUT     | LVCMOS25             |       |          |      |              |          |          |
| ptr2<2>                            | IOB              | INPUT     | LVCMOS25             |       |          |      |              |          |          |
| ptr2<3>                            | IOB              | INPUT     | LVCMOS25             |       |          |      |              |          |          |
| ptr2<4>                            | IOB              | INPUT     | LVCMOS25             |       |          |      |              |          |          |
| ptr2<5>                            | IOB              | INPUT     | LVCMOS25             |       |          |      |              |          |          |
| ptr2<6>                            | IOB              | INPUT     | LVCMOS25             |       |          |      |              |          |          |
| ptr2<7>                            | IOB              | INPUT     | LVCMOS25             |       |          |      |              |          |          |
| ptr2<8>                            | IOB              | INPUT     | LVCMOS25             |       |          |      |              |          |          |
| ptr2<9>                            | IOB              | INPUT     | LVCMOS25             |       |          |      |              |          |          |
| ptr2<10>                           | IOB              | INPUT     | LVCMOS25             |       |          |      |              |          |          |
| ptr2<11>                           | IOB              | INPUT     | LVCMOS25             |       |          |      |              |          |          |
| result<0>                          | IOB              | OUTPUT    | LVCMOS25             |       | 12       | SLOW |              |          |          |
| result<1>                          | IOB              | OUTPUT    | LVCMOS25             |       | 12       | SLOW |              |          |          |
| result<2>                          | IOB              | OUTPUT    | LVCMOS25             |       | 12       | SLOW |              |          |          |
| result<3>                          | IOB              | OUTPUT    | LVCMOS25             |       | 12       | SLOW |              |          |          |
| result<4>                          | IOB              | OUTPUT    | LVCMOS25             |       | 12       | SLOW |              |          |          |
| result<5>                          | IOB              | OUTPUT    | LVCMOS25             |       | 12       | SLOW |              |          |          |
| result<6>                          | IOB              | OUTPUT    | LVCMOS25             |       | 12       | SLOW |              |          |          |
| result<7>                          | IOB              | OUTPUT    | LVCMOS25             |       | 12       | SLOW |              |          |          |
| result<8>                          | IOB              | OUTPUT    | LVCMOS25             |       | 12       | SLOW |              |          |          |
| result<9>                          | IOB              | OUTPUT    | LVCMOS25             |       | 12       | SLOW |              |          |          |
| result<10>                         | IOB              | OUTPUT    | LVCMOS25             |       | 12       | SLOW |              |          |          |
| result<11>                         | IOB              | OUTPUT    | LVCMOS25             |       | 12       | SLOW |              |          |          |
| result<12>                         | IOB              | OUTPUT    | LVCMOS25             |       | 12       | SLOW |              |          |          |
| result<13>                         | IOB              | OUTPUT    | LVCMOS25             |       | 12       | SLOW |              |          |          |
| result<14>                         | IOB              | OUTPUT    | LVCMOS25             |       | 12       | SLOW |              |          |          |
| result<15>                         | IOB              | OUTPUT    | LVCMOS25             |       | 12       | SLOW |              |          |          |
| result<16>                         | IOB              | OUTPUT    | LVCMOS25             |       | 12       | SLOW |              |          |          |
| result<17>                         | IOB              | OUTPUT    | LVCMOS25             |       | 12       | SLOW |              |          |          |
| result<18>                         | IOB              | OUTPUT    | LVCMOS25             |       | 12       | SLOW |              |          |          |
| result<19>                         | IOB              | OUTPUT    | LVCMOS25             |       | 12       | SLOW |              |          |          |
| result<20>                         | IOB              | OUTPUT    | LVCMOS25             |       | 12       | SLOW |              |          |          |
| result<21>                         | IOB              | OUTPUT    | LVCMOS25             |       | 12       | SLOW |              |          |          |
| result<22>                         | IOB              | OUTPUT    | LVCMOS25             |       | 12       | SLOW |              |          |          |
| result<23>                         | IOB              | OUTPUT    | LVCMOS25             |       | 12       | SLOW |              |          |          |
| result<24>                         | IOB              | OUTPUT    | LVCMOS25             |       | 12       | SLOW |              |          |          |
| result<25>                         | IOB              | OUTPUT    | LVCMOS25             |       | 12       | SLOW |              |          |          |
| result<26>                         | IOB              | OUTPUT    | LVCMOS25             |       | 12       | SLOW |              |          |          |
| result<27>                         | IOB              | OUTPUT    | LVCMOS25             |       | 12       | SLOW |              |          |          |
| result<28>                         | IOB              | OUTPUT    | LVCMOS25             |       | 12       | SLOW |              |          |          |
| result<29>                         | IOB              | OUTPUT    | LVCMOS25             |       | 12       | SLOW |              |          |          |
| result<30>                         | IOB              | OUTPUT    | LVCMOS25             |       | 12       | SLOW |              |          |          |
| result<31>                         | IOB              | OUTPUT    | LVCMOS25             |       | 12       | SLOW |              |          |          |
| rst_n                              | IOB              | INPUT     | LVCMOS25             |       |          |      |              |          |          |
| sel_CNT                            | IOB              | INPUT     | LVCMOS25             |       |          |      |              |          |          |
| sel_R_X                            | IOB              | INPUT     | LVCMOS25             |       |          |      |              |          |          |
| sel_R_Y                            | IOB              | INPUT     | LVCMOS25             |       |          |      |              |          |          |
| sel_mem_addr                       | IOB              | INPUT     | LVCMOS25             |       |          |      |              |          |          |
| set_mem_addr                       | IOB              | INPUT     | LVCMOS25             |       |          |      |              |          |          |
+---------------------------------------------------------------------------------------------------------------------------------------------------------+

Section 7 - RPMs
----------------

Section 8 - Guide Report
------------------------
Guide not run on this design.

Section 9 - Area Group and Partition Summary
--------------------------------------------

Partition Implementation Status
-------------------------------

  No Partitions were found in this design.

-------------------------------

Area Group Information
----------------------

  No area groups were found in this design.

----------------------

Section 10 - Timing Report
--------------------------
A logic-level (pre-route) timing report can be generated by using Xilinx static
timing analysis tools, Timing Analyzer (GUI) or TRCE (command line), with the
mapped NCD and PCF files. Please note that this timing report will be generated
using estimated delay information. For accurate numbers, please generate a
timing report with the post Place and Route NCD file.

For more information about the Timing Analyzer, consult the Xilinx Timing
Analyzer Reference Manual; for more information about TRCE, consult the Xilinx
Command Line Tools User Guide "TRACE" chapter.

Section 11 - Configuration String Details
-----------------------------------------
Use the "-detail" map option to print out Configuration Strings

Section 12 - Control Set Information
------------------------------------
Use the "-detail" map option to print out Control Set Information.

Section 13 - Utilization by Hierarchy
-------------------------------------
Use the "-detail" map option to print out the Utilization by Hierarchy section.
