Release 12.1 Map M.53d (nt)
Xilinx Mapping Report File for Design 'system'

Design Information
------------------
Command Line   : map -intstyle ise -p xc6slx45-csg324-3 -w -ol high -t 1 -xt 0
-register_duplication off -global_opt off -ir off -pr off -lc off -power off -o
system_map.ncd system.ngd system.pcf 
Target Device  : xc6slx45
Target Package : csg324
Target Speed   : -3
Mapper Version : spartan6 -- $Revision: 1.52 $
Mapped Date    : Thu Apr 25 14:45:19 2024

Design Summary
--------------
Number of errors:      0
Number of warnings:    1
Slice Logic Utilization:
  Number of Slice Registers:                   160 out of  54,576    1%
    Number used as Flip Flops:                 160
    Number used as Latches:                      0
    Number used as Latch-thrus:                  0
    Number used as AND/OR logics:                0
  Number of Slice LUTs:                        156 out of  27,288    1%
    Number used as logic:                      147 out of  27,288    1%
      Number using O6 output only:              84
      Number using O5 output only:               0
      Number using O5 and O6:                   63
      Number used as ROM:                        0
    Number used as Memory:                       0 out of   6,408    0%
    Number used exclusively as route-thrus:      9
      Number with same-slice register load:      9
      Number with same-slice carry load:         0
      Number with other load:                    0

Slice Logic Distribution:
  Number of occupied Slices:                    46 out of   6,822    1%
  Number of LUT Flip Flop pairs used:          159
    Number with an unused Flip Flop:            42 out of     159   26%
    Number with an unused LUT:                   3 out of     159    1%
    Number of fully used LUT-FF pairs:         114 out of     159   71%
    Number of unique control sets:               6
    Number of slice register sites lost
      to control set restrictions:               8 out of  54,576    1%

  A LUT Flip Flop pair for this architecture represents one LUT paired with
  one Flip Flop within a slice.  A control set is a unique combination of
  clock, reset, set, and enable signals for a registered element.
  The Slice Logic Distribution report is not meaningful if the design is
  over-mapped for a non-slice resource or if Placement fails.

IO Utilization:
  Number of bonded IOBs:                        60 out of     218   27%
    IOB Latches:                                 8

Specific Feature Utilization:
  Number of RAMB16BWERs:                         0 out of     116    0%
  Number of RAMB8BWERs:                          0 out of     232    0%
  Number of BUFIO2/BUFIO2_2CLKs:                 0 out of      32    0%
  Number of BUFIO2FB/BUFIO2FB_2CLKs:             0 out of      32    0%
  Number of BUFG/BUFGMUXs:                       1 out of      16    6%
    Number used as BUFGs:                        1
    Number used as BUFGMUX:                      0
  Number of DCM/DCM_CLKGENs:                     0 out of       8    0%
  Number of ILOGIC2/ISERDES2s:                   8 out of     376    2%
    Number used as ILOGIC2s:                     8
    Number used as ISERDES2s:                    0
  Number of IODELAY2/IODRP2/IODRP2_MCBs:         0 out of     376    0%
  Number of OLOGIC2/OSERDES2s:                   0 out of     376    0%
  Number of BSCANs:                              0 out of       4    0%
  Number of BUFHs:                               0 out of     256    0%
  Number of BUFPLLs:                             0 out of       8    0%
  Number of BUFPLL_MCBs:                         0 out of       4    0%
  Number of DSP48A1s:                            0 out of      58    0%
  Number of ICAPs:                               0 out of       1    0%
  Number of MCBs:                                0 out of       2    0%
  Number of PCILOGICSEs:                         0 out of       2    0%
  Number of PLL_ADVs:                            0 out of       4    0%
  Number of PMVs:                                0 out of       1    0%
  Number of STARTUPs:                            0 out of       1    0%
  Number of SUSPEND_SYNCs:                       0 out of       1    0%

Average Fanout of Non-Clock Nets:                3.68

Peak Memory Usage:  298 MB
Total REAL time to MAP completion:  11 secs 
Total CPU time to MAP completion:   11 secs 

Table of Contents
-----------------
Section 1 - Errors
Section 2 - Warnings
Section 3 - Informational
Section 4 - Removed Logic Summary
Section 5 - Removed Logic
Section 6 - IOB Properties
Section 7 - RPMs
Section 8 - Guide Report
Section 9 - Area Group and Partition Summary
Section 10 - Timing Report
Section 11 - Configuration String Information
Section 12 - Control Set Information
Section 13 - Utilization by Hierarchy

Section 1 - Errors
------------------

Section 2 - Warnings
--------------------
WARNING:PhysDesignRules:372 - Gated clock. Clock net DIS/set_dev_len is sourced
   by a combinatorial pin. This is not good design practice. Use the CE pin to
   control the loading of data into the flip-flop.

Section 3 - Informational
-------------------------
INFO:LIT:243 - Logical network sys_input<23> has no load.
INFO:LIT:395 - The above info message is repeated 24 more times for the
   following (max. 5 shown):
   sys_input<22>,
   sys_input<21>,
   sys_input<20>,
   sys_input<19>,
   sys_input<18>
   To see the details of these info messages, please use the -detail switch.
INFO:MapLib:562 - No environment variables are currently set.
INFO:LIT:244 - All of the single ended outputs in this design are using slew
   rate limited output drivers. The delay on speed critical single ended outputs
   can be dramatically reduced by designating them as fast outputs.
INFO:Pack:1716 - Initializing temperature to 85.000 Celsius. (default - Range:
   0.000 to 85.000 Celsius)
INFO:Pack:1720 - Initializing voltage to 1.140 Volts. (default - Range: 1.140 to
   1.260 Volts)
INFO:Map:215 - The Interim Design Summary has been generated in the MAP Report
   (.mrp).
INFO:Pack:1650 - Map created a placed design.

Section 4 - Removed Logic Summary
---------------------------------
   2 block(s) optimized away

Section 5 - Removed Logic
-------------------------

Optimized Block(s):
TYPE 		BLOCK
GND 		XST_GND
VCC 		XST_VCC

To enable printing of redundant blocks removed and signals merged, set the
detailed map report option and rerun map.

Section 6 - IOB Properties
--------------------------

+---------------------------------------------------------------------------------------------------------------------------------------------------------+
| IOB Name                           | Type             | Direction | IO Standard          | Diff  | Drive    | Slew | Reg (s)      | Resistor | IOB      |
|                                    |                  |           |                      | Term  | Strength | Rate |              |          | Delay    |
+---------------------------------------------------------------------------------------------------------------------------------------------------------+
| CLK                                | IOB              | INPUT     | LVCMOS25             |       |          |      |              |          |          |
| rst_n                              | IOB              | INPUT     | LVCMOS25             |       |          |      |              |          |          |
| sys_done                           | IOB              | OUTPUT    | LVCMOS25             |       | 12       | SLOW |              |          |          |
| sys_input<24>                      | IOB              | INPUT     | LVCMOS25             |       |          |      | ILATCH       |          |          |
| sys_input<25>                      | IOB              | INPUT     | LVCMOS25             |       |          |      | ILATCH       |          |          |
| sys_input<26>                      | IOB              | INPUT     | LVCMOS25             |       |          |      | ILATCH       |          |          |
| sys_input<27>                      | IOB              | INPUT     | LVCMOS25             |       |          |      | ILATCH       |          |          |
| sys_input<28>                      | IOB              | INPUT     | LVCMOS25             |       |          |      | ILATCH       |          |          |
| sys_input<29>                      | IOB              | INPUT     | LVCMOS25             |       |          |      | ILATCH       |          |          |
| sys_input<30>                      | IOB              | INPUT     | LVCMOS25             |       |          |      | ILATCH       |          |          |
| sys_input<31>                      | IOB              | INPUT     | LVCMOS25             |       |          |      | ILATCH       |          |          |
| sys_input<32>                      | IOB              | INPUT     | LVCMOS25             |       |          |      |              |          |          |
| sys_input<33>                      | IOB              | INPUT     | LVCMOS25             |       |          |      |              |          |          |
| sys_input<34>                      | IOB              | INPUT     | LVCMOS25             |       |          |      |              |          |          |
| sys_input<35>                      | IOB              | INPUT     | LVCMOS25             |       |          |      |              |          |          |
| sys_input<36>                      | IOB              | INPUT     | LVCMOS25             |       |          |      |              |          |          |
| sys_input<37>                      | IOB              | INPUT     | LVCMOS25             |       |          |      |              |          |          |
| sys_input<38>                      | IOB              | INPUT     | LVCMOS25             |       |          |      |              |          |          |
| sys_input<39>                      | IOB              | INPUT     | LVCMOS25             |       |          |      |              |          |          |
| sys_output<0>                      | IOB              | OUTPUT    | LVCMOS25             |       | 12       | SLOW |              |          |          |
| sys_output<1>                      | IOB              | OUTPUT    | LVCMOS25             |       | 12       | SLOW |              |          |          |
| sys_output<2>                      | IOB              | OUTPUT    | LVCMOS25             |       | 12       | SLOW |              |          |          |
| sys_output<3>                      | IOB              | OUTPUT    | LVCMOS25             |       | 12       | SLOW |              |          |          |
| sys_output<4>                      | IOB              | OUTPUT    | LVCMOS25             |       | 12       | SLOW |              |          |          |
| sys_output<5>                      | IOB              | OUTPUT    | LVCMOS25             |       | 12       | SLOW |              |          |          |
| sys_output<6>                      | IOB              | OUTPUT    | LVCMOS25             |       | 12       | SLOW |              |          |          |
| sys_output<7>                      | IOB              | OUTPUT    | LVCMOS25             |       | 12       | SLOW |              |          |          |
| sys_output<8>                      | IOB              | OUTPUT    | LVCMOS25             |       | 12       | SLOW |              |          |          |
| sys_output<9>                      | IOB              | OUTPUT    | LVCMOS25             |       | 12       | SLOW |              |          |          |
| sys_output<10>                     | IOB              | OUTPUT    | LVCMOS25             |       | 12       | SLOW |              |          |          |
| sys_output<11>                     | IOB              | OUTPUT    | LVCMOS25             |       | 12       | SLOW |              |          |          |
| sys_output<12>                     | IOB              | OUTPUT    | LVCMOS25             |       | 12       | SLOW |              |          |          |
| sys_output<13>                     | IOB              | OUTPUT    | LVCMOS25             |       | 12       | SLOW |              |          |          |
| sys_output<14>                     | IOB              | OUTPUT    | LVCMOS25             |       | 12       | SLOW |              |          |          |
| sys_output<15>                     | IOB              | OUTPUT    | LVCMOS25             |       | 12       | SLOW |              |          |          |
| sys_output<16>                     | IOB              | OUTPUT    | LVCMOS25             |       | 12       | SLOW |              |          |          |
| sys_output<17>                     | IOB              | OUTPUT    | LVCMOS25             |       | 12       | SLOW |              |          |          |
| sys_output<18>                     | IOB              | OUTPUT    | LVCMOS25             |       | 12       | SLOW |              |          |          |
| sys_output<19>                     | IOB              | OUTPUT    | LVCMOS25             |       | 12       | SLOW |              |          |          |
| sys_output<20>                     | IOB              | OUTPUT    | LVCMOS25             |       | 12       | SLOW |              |          |          |
| sys_output<21>                     | IOB              | OUTPUT    | LVCMOS25             |       | 12       | SLOW |              |          |          |
| sys_output<22>                     | IOB              | OUTPUT    | LVCMOS25             |       | 12       | SLOW |              |          |          |
| sys_output<23>                     | IOB              | OUTPUT    | LVCMOS25             |       | 12       | SLOW |              |          |          |
| sys_output<24>                     | IOB              | OUTPUT    | LVCMOS25             |       | 12       | SLOW |              |          |          |
| sys_output<25>                     | IOB              | OUTPUT    | LVCMOS25             |       | 12       | SLOW |              |          |          |
| sys_output<26>                     | IOB              | OUTPUT    | LVCMOS25             |       | 12       | SLOW |              |          |          |
| sys_output<27>                     | IOB              | OUTPUT    | LVCMOS25             |       | 12       | SLOW |              |          |          |
| sys_output<28>                     | IOB              | OUTPUT    | LVCMOS25             |       | 12       | SLOW |              |          |          |
| sys_output<29>                     | IOB              | OUTPUT    | LVCMOS25             |       | 12       | SLOW |              |          |          |
| sys_output<30>                     | IOB              | OUTPUT    | LVCMOS25             |       | 12       | SLOW |              |          |          |
| sys_output<31>                     | IOB              | OUTPUT    | LVCMOS25             |       | 12       | SLOW |              |          |          |
| sys_output<32>                     | IOB              | OUTPUT    | LVCMOS25             |       | 12       | SLOW |              |          |          |
| sys_output<33>                     | IOB              | OUTPUT    | LVCMOS25             |       | 12       | SLOW |              |          |          |
| sys_output<34>                     | IOB              | OUTPUT    | LVCMOS25             |       | 12       | SLOW |              |          |          |
| sys_output<35>                     | IOB              | OUTPUT    | LVCMOS25             |       | 12       | SLOW |              |          |          |
| sys_output<36>                     | IOB              | OUTPUT    | LVCMOS25             |       | 12       | SLOW |              |          |          |
| sys_output<37>                     | IOB              | OUTPUT    | LVCMOS25             |       | 12       | SLOW |              |          |          |
| sys_output<38>                     | IOB              | OUTPUT    | LVCMOS25             |       | 12       | SLOW |              |          |          |
| sys_output<39>                     | IOB              | OUTPUT    | LVCMOS25             |       | 12       | SLOW |              |          |          |
| sys_start                          | IOB              | INPUT     | LVCMOS25             |       |          |      |              |          |          |
+---------------------------------------------------------------------------------------------------------------------------------------------------------+

Section 7 - RPMs
----------------

Section 8 - Guide Report
------------------------
Guide not run on this design.

Section 9 - Area Group and Partition Summary
--------------------------------------------

Partition Implementation Status
-------------------------------

  No Partitions were found in this design.

-------------------------------

Area Group Information
----------------------

  No area groups were found in this design.

----------------------

Section 10 - Timing Report
--------------------------
A logic-level (pre-route) timing report can be generated by using Xilinx static
timing analysis tools, Timing Analyzer (GUI) or TRCE (command line), with the
mapped NCD and PCF files. Please note that this timing report will be generated
using estimated delay information. For accurate numbers, please generate a
timing report with the post Place and Route NCD file.

For more information about the Timing Analyzer, consult the Xilinx Timing
Analyzer Reference Manual; for more information about TRCE, consult the Xilinx
Command Line Tools User Guide "TRACE" chapter.

Section 11 - Configuration String Details
-----------------------------------------
Use the "-detail" map option to print out Configuration Strings

Section 12 - Control Set Information
------------------------------------
Use the "-detail" map option to print out Control Set Information.

Section 13 - Utilization by Hierarchy
-------------------------------------
Use the "-detail" map option to print out the Utilization by Hierarchy section.
