iMPACT Version: 12.1

iMPACT log file Started on Tue Apr 23 17:08:05 2024

Welcome to iMPACT
iMPACT Version: 12.1
Project: 'C:\Users\giulio\Desktop\sumavg\synthesis\\auto_project.ipf' alreadyexists.
Original project has been renamed to'C:\Users\giulio\Desktop\sumavg\synthesis\\auto_project_1.ipf'.
Project: C:\Users\giulio\Desktop\sumavg\synthesis\\auto_project.ipf created.
// *** BATCH CMD : setMode -bs
GUI --- Auto connect to cable...
// *** BATCH CMD : setCable -port auto
AutoDetecting cable. Please wait.
PROGRESS_START - Starting Operation.
Connecting to cable (Usb Port - USB21).
Checking cable driver.
 Source driver files not found.
The Platform Cable USB is not detected. Please connect a cable.If a cable isconnected, please disconnect
and reconnect to the usb port, follow the instructions in the 'Found NewHardware Wizard', then retry
the Cable Setup operation.
Cable connection failed.
Connecting to cable (Parallel Port - LPT1).
Checking cable driver.
Your driver installation is not complete. Please rerun your application
as an administrator to complete the driver installation.
Cable connection failed.
Connecting to cable (Parallel Port - LPT2).
Checking cable driver.
Your driver installation is not complete. Please rerun your application
as an administrator to complete the driver installation.
Cable connection failed.
Connecting to cable (Parallel Port - LPT3).
Checking cable driver.
Your driver installation is not complete. Please rerun your application
as an administrator to complete the driver installation.
Cable connection failed.
Connecting to cable (Parallel Port - LPT4).
Checking cable driver.
Your driver installation is not complete. Please rerun your application
as an administrator to complete the driver installation.
Cable connection failed.
PROGRESS_END - End Operation.
Elapsed time =      2 sec.
Cable autodetection failed.
WARNING:iMPACT:923 - Can not find cable, check cable setup !// *** BATCH CMD : addDevice -p 1 -file"C:/Users/giulio/Desktop/sumavg/synthesis/sumavg_dp.bit"
'1': Loading file 'C:/Users/giulio/Desktop/sumavg/synthesis/sumavg_dp.bit' ...
done.
INFO:iMPACT:1777 - 
   Reading C:/Xilinx/12.1/ISE_DS/ISE/spartan6/data/xc6slx45.bsd...
INFO:iMPACT:2257 - Startup Clock has been changed to 'JtagClk' in the bitstream   stored in memory,
   but the original bitstream file remains unchanged.
UserID read from the bitstream file = 0xFFFFFFFF.
Data width read from the bitstream file = 1.
INFO:iMPACT:501 - '1': Added Device xc6slx45 successfully.
----------------------------------------------------------------------
GUI --- Auto connect to cable...
// *** BATCH CMD : setCable -port auto
AutoDetecting cable. Please wait.
PROGRESS_START - Starting Operation.
Connecting to cable (Usb Port - USB21).
Checking cable driver.
 Source driver files not found.
The Platform Cable USB is not detected. Please connect a cable.If a cable isconnected, please disconnect
and reconnect to the usb port, follow the instructions in the 'Found NewHardware Wizard', then retry
the Cable Setup operation.
Cable connection failed.
Connecting to cable (Parallel Port - LPT1).
Checking cable driver.
Your driver installation is not complete. Please rerun your application
as an administrator to complete the driver installation.
Cable connection failed.
Connecting to cable (Parallel Port - LPT2).
Checking cable driver.
Your driver installation is not complete. Please rerun your application
as an administrator to complete the driver installation.
Cable connection failed.
Connecting to cable (Parallel Port - LPT3).
Checking cable driver.
Your driver installation is not complete. Please rerun your application
as an administrator to complete the driver installation.
Cable connection failed.
Connecting to cable (Parallel Port - LPT4).
Checking cable driver.
Your driver installation is not complete. Please rerun your application
as an administrator to complete the driver installation.
Cable connection failed.
PROGRESS_END - End Operation.
Elapsed time =      1 sec.
Cable autodetection failed.
WARNING:iMPACT:923 - Can not find cable, check cable setup !