Release 12.1 Map M.53d (nt)
Xilinx Mapping Report File for Design 'dispatcher'

Design Information
------------------
Command Line   : map -intstyle ise -p xc6slx45-csg324-3 -w -ol high -t 1 -xt 0
-register_duplication off -global_opt off -ir off -pr off -lc off -power off -o
dispatcher_map.ncd dispatcher.ngd dispatcher.pcf 
Target Device  : xc6slx45
Target Package : csg324
Target Speed   : -3
Mapper Version : spartan6 -- $Revision: 1.52 $
Mapped Date    : Fri Apr 19 18:27:25 2024

Design Summary
--------------
Number of errors:      0
Number of warnings:    0
Slice Logic Utilization:
  Number of Slice Registers:                    35 out of  54,576    1%
    Number used as Flip Flops:                  35
    Number used as Latches:                      0
    Number used as Latch-thrus:                  0
    Number used as AND/OR logics:                0
  Number of Slice LUTs:                         41 out of  27,288    1%
    Number used as logic:                       41 out of  27,288    1%
      Number using O6 output only:              36
      Number using O5 output only:               0
      Number using O5 and O6:                    5
      Number used as ROM:                        0
    Number used as Memory:                       0 out of   6,408    0%

Slice Logic Distribution:
  Number of occupied Slices:                    12 out of   6,822    1%
  Number of LUT Flip Flop pairs used:           41
    Number with an unused Flip Flop:             6 out of      41   14%
    Number with an unused LUT:                   0 out of      41    0%
    Number of fully used LUT-FF pairs:          35 out of      41   85%
    Number of unique control sets:               2
    Number of slice register sites lost
      to control set restrictions:               5 out of  54,576    1%

  A LUT Flip Flop pair for this architecture represents one LUT paired with
  one Flip Flop within a slice.  A control set is a unique combination of
  clock, reset, set, and enable signals for a registered element.
  The Slice Logic Distribution report is not meaningful if the design is
  over-mapped for a non-slice resource or if Placement fails.

IO Utilization:
  Number of bonded IOBs:                       218 out of     218  100%
    IOB Latches:                                64

Specific Feature Utilization:
  Number of RAMB16BWERs:                         0 out of     116    0%
  Number of RAMB8BWERs:                          0 out of     232    0%
  Number of BUFIO2/BUFIO2_2CLKs:                 0 out of      32    0%
  Number of BUFIO2FB/BUFIO2FB_2CLKs:             0 out of      32    0%
  Number of BUFG/BUFGMUXs:                       3 out of      16   18%
    Number used as BUFGs:                        3
    Number used as BUFGMUX:                      0
  Number of DCM/DCM_CLKGENs:                     0 out of       8    0%
  Number of ILOGIC2/ISERDES2s:                  24 out of     376    6%
    Number used as ILOGIC2s:                    24
    Number used as ISERDES2s:                    0
  Number of IODELAY2/IODRP2/IODRP2_MCBs:         0 out of     376    0%
  Number of OLOGIC2/OSERDES2s:                  40 out of     376   10%
    Number used as OLOGIC2s:                    40
    Number used as OSERDES2s:                    0
  Number of BSCANs:                              0 out of       4    0%
  Number of BUFHs:                               0 out of     256    0%
  Number of BUFPLLs:                             0 out of       8    0%
  Number of BUFPLL_MCBs:                         0 out of       4    0%
  Number of DSP48A1s:                            0 out of      58    0%
  Number of ICAPs:                               0 out of       1    0%
  Number of MCBs:                                0 out of       2    0%
  Number of PCILOGICSEs:                         0 out of       2    0%
  Number of PLL_ADVs:                            0 out of       4    0%
  Number of PMVs:                                0 out of       1    0%
  Number of STARTUPs:                            0 out of       1    0%
  Number of SUSPEND_SYNCs:                       0 out of       1    0%

Average Fanout of Non-Clock Nets:                1.66

Peak Memory Usage:  296 MB
Total REAL time to MAP completion:  12 secs 
Total CPU time to MAP completion:   12 secs 

Table of Contents
-----------------
Section 1 - Errors
Section 2 - Warnings
Section 3 - Informational
Section 4 - Removed Logic Summary
Section 5 - Removed Logic
Section 6 - IOB Properties
Section 7 - RPMs
Section 8 - Guide Report
Section 9 - Area Group and Partition Summary
Section 10 - Timing Report
Section 11 - Configuration String Information
Section 12 - Control Set Information
Section 13 - Utilization by Hierarchy

Section 1 - Errors
------------------

Section 2 - Warnings
--------------------

Section 3 - Informational
-------------------------
INFO:LIT:243 - Logical network abort has no load.
INFO:LIT:395 - The above info message is repeated 1 more times for the following
   (max. 5 shown):
   dev_abort
   To see the details of these info messages, please use the -detail switch.
INFO:MapLib:562 - No environment variables are currently set.
INFO:LIT:244 - All of the single ended outputs in this design are using slew
   rate limited output drivers. The delay on speed critical single ended outputs
   can be dramatically reduced by designating them as fast outputs.
INFO:Pack:1716 - Initializing temperature to 85.000 Celsius. (default - Range:
   0.000 to 85.000 Celsius)
INFO:Pack:1720 - Initializing voltage to 1.140 Volts. (default - Range: 1.140 to
   1.260 Volts)
INFO:Timing:3386 - Intersecting Constraints found and resolved.  For more information, see the TSI report.  Please consult the Xilinx
   Command Line Tools User Guide for information on generating a TSI report.
INFO:Map:215 - The Interim Design Summary has been generated in the MAP Report
   (.mrp).
INFO:Pack:1650 - Map created a placed design.

Section 4 - Removed Logic Summary
---------------------------------
   1 block(s) optimized away

Section 5 - Removed Logic
-------------------------

Optimized Block(s):
TYPE 		BLOCK
GND 		XST_GND

To enable printing of redundant blocks removed and signals merged, set the
detailed map report option and rerun map.

Section 6 - IOB Properties
--------------------------

+---------------------------------------------------------------------------------------------------------------------------------------------------------+
| IOB Name                           | Type             | Direction | IO Standard          | Diff  | Drive    | Slew | Reg (s)      | Resistor | IOB      |
|                                    |                  |           |                      | Term  | Strength | Rate |              |          | Delay    |
+---------------------------------------------------------------------------------------------------------------------------------------------------------+
| CLK                                | IOB              | INPUT     | LVCMOS25             |       |          |      |              |          |          |
| dev_done                           | IOB              | INPUT     | LVCMOS25             |       |          |      |              |          |          |
| dev_len<0>                         | IOB              | OUTPUT    | LVCMOS25             |       | 12       | SLOW | OLATCH       |          |          |
| dev_len<1>                         | IOB              | OUTPUT    | LVCMOS25             |       | 12       | SLOW | OLATCH       |          |          |
| dev_len<2>                         | IOB              | OUTPUT    | LVCMOS25             |       | 12       | SLOW | OLATCH       |          |          |
| dev_len<3>                         | IOB              | OUTPUT    | LVCMOS25             |       | 12       | SLOW | OLATCH       |          |          |
| dev_len<4>                         | IOB              | OUTPUT    | LVCMOS25             |       | 12       | SLOW | OLATCH       |          |          |
| dev_len<5>                         | IOB              | OUTPUT    | LVCMOS25             |       | 12       | SLOW | OLATCH       |          |          |
| dev_len<6>                         | IOB              | OUTPUT    | LVCMOS25             |       | 12       | SLOW | OLATCH       |          |          |
| dev_len<7>                         | IOB              | OUTPUT    | LVCMOS25             |       | 12       | SLOW | OLATCH       |          |          |
| dev_ptr1<0>                        | IOB              | OUTPUT    | LVCMOS25             |       | 12       | SLOW |              |          |          |
| dev_ptr1<1>                        | IOB              | OUTPUT    | LVCMOS25             |       | 12       | SLOW |              |          |          |
| dev_ptr1<2>                        | IOB              | OUTPUT    | LVCMOS25             |       | 12       | SLOW |              |          |          |
| dev_ptr1<3>                        | IOB              | OUTPUT    | LVCMOS25             |       | 12       | SLOW |              |          |          |
| dev_ptr1<4>                        | IOB              | OUTPUT    | LVCMOS25             |       | 12       | SLOW |              |          |          |
| dev_ptr1<5>                        | IOB              | OUTPUT    | LVCMOS25             |       | 12       | SLOW |              |          |          |
| dev_ptr1<6>                        | IOB              | OUTPUT    | LVCMOS25             |       | 12       | SLOW |              |          |          |
| dev_ptr1<7>                        | IOB              | OUTPUT    | LVCMOS25             |       | 12       | SLOW |              |          |          |
| dev_ptr1<8>                        | IOB              | OUTPUT    | LVCMOS25             |       | 12       | SLOW |              |          |          |
| dev_ptr1<9>                        | IOB              | OUTPUT    | LVCMOS25             |       | 12       | SLOW |              |          |          |
| dev_ptr1<10>                       | IOB              | OUTPUT    | LVCMOS25             |       | 12       | SLOW |              |          |          |
| dev_ptr1<11>                       | IOB              | OUTPUT    | LVCMOS25             |       | 12       | SLOW |              |          |          |
| dev_ptr2<0>                        | IOB              | OUTPUT    | LVCMOS25             |       | 12       | SLOW |              |          |          |
| dev_ptr2<1>                        | IOB              | OUTPUT    | LVCMOS25             |       | 12       | SLOW |              |          |          |
| dev_ptr2<2>                        | IOB              | OUTPUT    | LVCMOS25             |       | 12       | SLOW |              |          |          |
| dev_ptr2<3>                        | IOB              | OUTPUT    | LVCMOS25             |       | 12       | SLOW |              |          |          |
| dev_ptr2<4>                        | IOB              | OUTPUT    | LVCMOS25             |       | 12       | SLOW |              |          |          |
| dev_ptr2<5>                        | IOB              | OUTPUT    | LVCMOS25             |       | 12       | SLOW |              |          |          |
| dev_ptr2<6>                        | IOB              | OUTPUT    | LVCMOS25             |       | 12       | SLOW |              |          |          |
| dev_ptr2<7>                        | IOB              | OUTPUT    | LVCMOS25             |       | 12       | SLOW |              |          |          |
| dev_ptr2<8>                        | IOB              | OUTPUT    | LVCMOS25             |       | 12       | SLOW |              |          |          |
| dev_ptr2<9>                        | IOB              | OUTPUT    | LVCMOS25             |       | 12       | SLOW |              |          |          |
| dev_ptr2<10>                       | IOB              | OUTPUT    | LVCMOS25             |       | 12       | SLOW |              |          |          |
| dev_ptr2<11>                       | IOB              | OUTPUT    | LVCMOS25             |       | 12       | SLOW |              |          |          |
| dev_result<0>                      | IOB              | INPUT     | LVCMOS25             |       |          |      |              |          |          |
| dev_result<1>                      | IOB              | INPUT     | LVCMOS25             |       |          |      |              |          |          |
| dev_result<2>                      | IOB              | INPUT     | LVCMOS25             |       |          |      |              |          |          |
| dev_result<3>                      | IOB              | INPUT     | LVCMOS25             |       |          |      |              |          |          |
| dev_result<4>                      | IOB              | INPUT     | LVCMOS25             |       |          |      |              |          |          |
| dev_result<5>                      | IOB              | INPUT     | LVCMOS25             |       |          |      |              |          |          |
| dev_result<6>                      | IOB              | INPUT     | LVCMOS25             |       |          |      |              |          |          |
| dev_result<7>                      | IOB              | INPUT     | LVCMOS25             |       |          |      |              |          |          |
| dev_result<8>                      | IOB              | INPUT     | LVCMOS25             |       |          |      |              |          |          |
| dev_result<9>                      | IOB              | INPUT     | LVCMOS25             |       |          |      |              |          |          |
| dev_result<10>                     | IOB              | INPUT     | LVCMOS25             |       |          |      |              |          |          |
| dev_result<11>                     | IOB              | INPUT     | LVCMOS25             |       |          |      |              |          |          |
| dev_result<12>                     | IOB              | INPUT     | LVCMOS25             |       |          |      |              |          |          |
| dev_result<13>                     | IOB              | INPUT     | LVCMOS25             |       |          |      |              |          |          |
| dev_result<14>                     | IOB              | INPUT     | LVCMOS25             |       |          |      |              |          |          |
| dev_result<15>                     | IOB              | INPUT     | LVCMOS25             |       |          |      |              |          |          |
| dev_result<16>                     | IOB              | INPUT     | LVCMOS25             |       |          |      |              |          |          |
| dev_result<17>                     | IOB              | INPUT     | LVCMOS25             |       |          |      |              |          |          |
| dev_result<18>                     | IOB              | INPUT     | LVCMOS25             |       |          |      |              |          |          |
| dev_result<19>                     | IOB              | INPUT     | LVCMOS25             |       |          |      |              |          |          |
| dev_result<20>                     | IOB              | INPUT     | LVCMOS25             |       |          |      |              |          |          |
| dev_result<21>                     | IOB              | INPUT     | LVCMOS25             |       |          |      |              |          |          |
| dev_result<22>                     | IOB              | INPUT     | LVCMOS25             |       |          |      |              |          |          |
| dev_result<23>                     | IOB              | INPUT     | LVCMOS25             |       |          |      |              |          |          |
| dev_result<24>                     | IOB              | INPUT     | LVCMOS25             |       |          |      |              |          |          |
| dev_result<25>                     | IOB              | INPUT     | LVCMOS25             |       |          |      |              |          |          |
| dev_result<26>                     | IOB              | INPUT     | LVCMOS25             |       |          |      |              |          |          |
| dev_result<27>                     | IOB              | INPUT     | LVCMOS25             |       |          |      |              |          |          |
| dev_result<28>                     | IOB              | INPUT     | LVCMOS25             |       |          |      |              |          |          |
| dev_result<29>                     | IOB              | INPUT     | LVCMOS25             |       |          |      |              |          |          |
| dev_result<30>                     | IOB              | INPUT     | LVCMOS25             |       |          |      |              |          |          |
| dev_result<31>                     | IOB              | INPUT     | LVCMOS25             |       |          |      |              |          |          |
| dev_start                          | IOB              | OUTPUT    | LVCMOS25             |       | 12       | SLOW |              |          |          |
| done                               | IOB              | OUTPUT    | LVCMOS25             |       | 12       | SLOW |              |          |          |
| input<0>                           | IOB              | INPUT     | LVCMOS25             |       |          |      | ILATCH       |          |          |
| input<1>                           | IOB              | INPUT     | LVCMOS25             |       |          |      | ILATCH       |          |          |
| input<2>                           | IOB              | INPUT     | LVCMOS25             |       |          |      | ILATCH       |          |          |
| input<3>                           | IOB              | INPUT     | LVCMOS25             |       |          |      | ILATCH       |          |          |
| input<4>                           | IOB              | INPUT     | LVCMOS25             |       |          |      | ILATCH       |          |          |
| input<5>                           | IOB              | INPUT     | LVCMOS25             |       |          |      | ILATCH       |          |          |
| input<6>                           | IOB              | INPUT     | LVCMOS25             |       |          |      | ILATCH       |          |          |
| input<7>                           | IOB              | INPUT     | LVCMOS25             |       |          |      | ILATCH       |          |          |
| input<8>                           | IOB              | INPUT     | LVCMOS25             |       |          |      | ILATCH       |          |          |
| input<9>                           | IOB              | INPUT     | LVCMOS25             |       |          |      | ILATCH       |          |          |
| input<10>                          | IOB              | INPUT     | LVCMOS25             |       |          |      | ILATCH       |          |          |
| input<11>                          | IOB              | INPUT     | LVCMOS25             |       |          |      | ILATCH       |          |          |
| input<12>                          | IOB              | INPUT     | LVCMOS25             |       |          |      | ILATCH       |          |          |
| input<13>                          | IOB              | INPUT     | LVCMOS25             |       |          |      | ILATCH       |          |          |
| input<14>                          | IOB              | INPUT     | LVCMOS25             |       |          |      | ILATCH       |          |          |
| input<15>                          | IOB              | INPUT     | LVCMOS25             |       |          |      | ILATCH       |          |          |
| input<16>                          | IOB              | INPUT     | LVCMOS25             |       |          |      | ILATCH       |          |          |
| input<17>                          | IOB              | INPUT     | LVCMOS25             |       |          |      | ILATCH       |          |          |
| input<18>                          | IOB              | INPUT     | LVCMOS25             |       |          |      | ILATCH       |          |          |
| input<19>                          | IOB              | INPUT     | LVCMOS25             |       |          |      | ILATCH       |          |          |
| input<20>                          | IOB              | INPUT     | LVCMOS25             |       |          |      | ILATCH       |          |          |
| input<21>                          | IOB              | INPUT     | LVCMOS25             |       |          |      | ILATCH       |          |          |
| input<22>                          | IOB              | INPUT     | LVCMOS25             |       |          |      | ILATCH       |          |          |
| input<23>                          | IOB              | INPUT     | LVCMOS25             |       |          |      | ILATCH       |          |          |
| input<24>                          | IOB              | INPUT     | LVCMOS25             |       |          |      |              |          |          |
| input<25>                          | IOB              | INPUT     | LVCMOS25             |       |          |      |              |          |          |
| input<26>                          | IOB              | INPUT     | LVCMOS25             |       |          |      |              |          |          |
| input<27>                          | IOB              | INPUT     | LVCMOS25             |       |          |      |              |          |          |
| input<28>                          | IOB              | INPUT     | LVCMOS25             |       |          |      |              |          |          |
| input<29>                          | IOB              | INPUT     | LVCMOS25             |       |          |      |              |          |          |
| input<30>                          | IOB              | INPUT     | LVCMOS25             |       |          |      |              |          |          |
| input<31>                          | IOB              | INPUT     | LVCMOS25             |       |          |      |              |          |          |
| input<32>                          | IOB              | INPUT     | LVCMOS25             |       |          |      |              |          |          |
| input<33>                          | IOB              | INPUT     | LVCMOS25             |       |          |      |              |          |          |
| input<34>                          | IOB              | INPUT     | LVCMOS25             |       |          |      |              |          |          |
| input<35>                          | IOB              | INPUT     | LVCMOS25             |       |          |      |              |          |          |
| input<36>                          | IOB              | INPUT     | LVCMOS25             |       |          |      |              |          |          |
| input<37>                          | IOB              | INPUT     | LVCMOS25             |       |          |      |              |          |          |
| input<38>                          | IOB              | INPUT     | LVCMOS25             |       |          |      |              |          |          |
| input<39>                          | IOB              | INPUT     | LVCMOS25             |       |          |      |              |          |          |
| ma_din_addr<0>                     | IOB              | OUTPUT    | LVCMOS25             |       | 12       | SLOW | OLATCH       |          |          |
| ma_din_addr<1>                     | IOB              | OUTPUT    | LVCMOS25             |       | 12       | SLOW | OLATCH       |          |          |
| ma_din_addr<2>                     | IOB              | OUTPUT    | LVCMOS25             |       | 12       | SLOW | OLATCH       |          |          |
| ma_din_addr<3>                     | IOB              | OUTPUT    | LVCMOS25             |       | 12       | SLOW | OLATCH       |          |          |
| ma_din_addr<4>                     | IOB              | OUTPUT    | LVCMOS25             |       | 12       | SLOW | OLATCH       |          |          |
| ma_din_addr<5>                     | IOB              | OUTPUT    | LVCMOS25             |       | 12       | SLOW | OLATCH       |          |          |
| ma_din_addr<6>                     | IOB              | OUTPUT    | LVCMOS25             |       | 12       | SLOW | OLATCH       |          |          |
| ma_din_addr<7>                     | IOB              | OUTPUT    | LVCMOS25             |       | 12       | SLOW | OLATCH       |          |          |
| ma_din_addr<8>                     | IOB              | OUTPUT    | LVCMOS25             |       | 12       | SLOW | OLATCH       |          |          |
| ma_din_addr<9>                     | IOB              | OUTPUT    | LVCMOS25             |       | 12       | SLOW | OLATCH       |          |          |
| ma_din_addr<10>                    | IOB              | OUTPUT    | LVCMOS25             |       | 12       | SLOW | OLATCH       |          |          |
| ma_din_addr<11>                    | IOB              | OUTPUT    | LVCMOS25             |       | 12       | SLOW | OLATCH       |          |          |
| ma_din_addr<12>                    | IOB              | OUTPUT    | LVCMOS25             |       | 12       | SLOW | OLATCH       |          |          |
| ma_din_addr<13>                    | IOB              | OUTPUT    | LVCMOS25             |       | 12       | SLOW | OLATCH       |          |          |
| ma_din_addr<14>                    | IOB              | OUTPUT    | LVCMOS25             |       | 12       | SLOW | OLATCH       |          |          |
| ma_din_addr<15>                    | IOB              | OUTPUT    | LVCMOS25             |       | 12       | SLOW | OLATCH       |          |          |
| ma_din_addr<16>                    | IOB              | OUTPUT    | LVCMOS25             |       | 12       | SLOW | OLATCH       |          |          |
| ma_din_addr<17>                    | IOB              | OUTPUT    | LVCMOS25             |       | 12       | SLOW | OLATCH       |          |          |
| ma_din_addr<18>                    | IOB              | OUTPUT    | LVCMOS25             |       | 12       | SLOW | OLATCH       |          |          |
| ma_din_addr<19>                    | IOB              | OUTPUT    | LVCMOS25             |       | 12       | SLOW | OLATCH       |          |          |
| ma_din_addr<20>                    | IOB              | OUTPUT    | LVCMOS25             |       | 12       | SLOW | OLATCH       |          |          |
| ma_din_addr<21>                    | IOB              | OUTPUT    | LVCMOS25             |       | 12       | SLOW | OLATCH       |          |          |
| ma_din_addr<22>                    | IOB              | OUTPUT    | LVCMOS25             |       | 12       | SLOW | OLATCH       |          |          |
| ma_din_addr<23>                    | IOB              | OUTPUT    | LVCMOS25             |       | 12       | SLOW | OLATCH       |          |          |
| ma_din_addr<24>                    | IOB              | OUTPUT    | LVCMOS25             |       | 12       | SLOW | OLATCH       |          |          |
| ma_din_addr<25>                    | IOB              | OUTPUT    | LVCMOS25             |       | 12       | SLOW | OLATCH       |          |          |
| ma_din_addr<26>                    | IOB              | OUTPUT    | LVCMOS25             |       | 12       | SLOW | OLATCH       |          |          |
| ma_din_addr<27>                    | IOB              | OUTPUT    | LVCMOS25             |       | 12       | SLOW | OLATCH       |          |          |
| ma_din_addr<28>                    | IOB              | OUTPUT    | LVCMOS25             |       | 12       | SLOW | OLATCH       |          |          |
| ma_din_addr<29>                    | IOB              | OUTPUT    | LVCMOS25             |       | 12       | SLOW | OLATCH       |          |          |
| ma_din_addr<30>                    | IOB              | OUTPUT    | LVCMOS25             |       | 12       | SLOW | OLATCH       |          |          |
| ma_din_addr<31>                    | IOB              | OUTPUT    | LVCMOS25             |       | 12       | SLOW | OLATCH       |          |          |
| ma_done                            | IOB              | INPUT     | LVCMOS25             |       |          |      |              |          |          |
| ma_dout<0>                         | IOB              | INPUT     | LVCMOS25             |       |          |      |              |          |          |
| ma_dout<1>                         | IOB              | INPUT     | LVCMOS25             |       |          |      |              |          |          |
| ma_dout<2>                         | IOB              | INPUT     | LVCMOS25             |       |          |      |              |          |          |
| ma_dout<3>                         | IOB              | INPUT     | LVCMOS25             |       |          |      |              |          |          |
| ma_dout<4>                         | IOB              | INPUT     | LVCMOS25             |       |          |      |              |          |          |
| ma_dout<5>                         | IOB              | INPUT     | LVCMOS25             |       |          |      |              |          |          |
| ma_dout<6>                         | IOB              | INPUT     | LVCMOS25             |       |          |      |              |          |          |
| ma_dout<7>                         | IOB              | INPUT     | LVCMOS25             |       |          |      |              |          |          |
| ma_dout<8>                         | IOB              | INPUT     | LVCMOS25             |       |          |      |              |          |          |
| ma_dout<9>                         | IOB              | INPUT     | LVCMOS25             |       |          |      |              |          |          |
| ma_dout<10>                        | IOB              | INPUT     | LVCMOS25             |       |          |      |              |          |          |
| ma_dout<11>                        | IOB              | INPUT     | LVCMOS25             |       |          |      |              |          |          |
| ma_dout<12>                        | IOB              | INPUT     | LVCMOS25             |       |          |      |              |          |          |
| ma_dout<13>                        | IOB              | INPUT     | LVCMOS25             |       |          |      |              |          |          |
| ma_dout<14>                        | IOB              | INPUT     | LVCMOS25             |       |          |      |              |          |          |
| ma_dout<15>                        | IOB              | INPUT     | LVCMOS25             |       |          |      |              |          |          |
| ma_dout<16>                        | IOB              | INPUT     | LVCMOS25             |       |          |      |              |          |          |
| ma_dout<17>                        | IOB              | INPUT     | LVCMOS25             |       |          |      |              |          |          |
| ma_dout<18>                        | IOB              | INPUT     | LVCMOS25             |       |          |      |              |          |          |
| ma_dout<19>                        | IOB              | INPUT     | LVCMOS25             |       |          |      |              |          |          |
| ma_dout<20>                        | IOB              | INPUT     | LVCMOS25             |       |          |      |              |          |          |
| ma_dout<21>                        | IOB              | INPUT     | LVCMOS25             |       |          |      |              |          |          |
| ma_dout<22>                        | IOB              | INPUT     | LVCMOS25             |       |          |      |              |          |          |
| ma_dout<23>                        | IOB              | INPUT     | LVCMOS25             |       |          |      |              |          |          |
| ma_dout<24>                        | IOB              | INPUT     | LVCMOS25             |       |          |      |              |          |          |
| ma_dout<25>                        | IOB              | INPUT     | LVCMOS25             |       |          |      |              |          |          |
| ma_dout<26>                        | IOB              | INPUT     | LVCMOS25             |       |          |      |              |          |          |
| ma_dout<27>                        | IOB              | INPUT     | LVCMOS25             |       |          |      |              |          |          |
| ma_dout<28>                        | IOB              | INPUT     | LVCMOS25             |       |          |      |              |          |          |
| ma_dout<29>                        | IOB              | INPUT     | LVCMOS25             |       |          |      |              |          |          |
| ma_dout<30>                        | IOB              | INPUT     | LVCMOS25             |       |          |      |              |          |          |
| ma_dout<31>                        | IOB              | INPUT     | LVCMOS25             |       |          |      |              |          |          |
| ma_read                            | IOB              | OUTPUT    | LVCMOS25             |       | 12       | SLOW |              |          |          |
| ma_set_addr                        | IOB              | OUTPUT    | LVCMOS25             |       | 12       | SLOW |              |          |          |
| ma_write                           | IOB              | OUTPUT    | LVCMOS25             |       | 12       | SLOW |              |          |          |
| output<0>                          | IOB              | OUTPUT    | LVCMOS25             |       | 12       | SLOW |              |          |          |
| output<1>                          | IOB              | OUTPUT    | LVCMOS25             |       | 12       | SLOW |              |          |          |
| output<2>                          | IOB              | OUTPUT    | LVCMOS25             |       | 12       | SLOW |              |          |          |
| output<3>                          | IOB              | OUTPUT    | LVCMOS25             |       | 12       | SLOW |              |          |          |
| output<4>                          | IOB              | OUTPUT    | LVCMOS25             |       | 12       | SLOW |              |          |          |
| output<5>                          | IOB              | OUTPUT    | LVCMOS25             |       | 12       | SLOW |              |          |          |
| output<6>                          | IOB              | OUTPUT    | LVCMOS25             |       | 12       | SLOW |              |          |          |
| output<7>                          | IOB              | OUTPUT    | LVCMOS25             |       | 12       | SLOW |              |          |          |
| output<8>                          | IOB              | OUTPUT    | LVCMOS25             |       | 12       | SLOW |              |          |          |
| output<9>                          | IOB              | OUTPUT    | LVCMOS25             |       | 12       | SLOW |              |          |          |
| output<10>                         | IOB              | OUTPUT    | LVCMOS25             |       | 12       | SLOW |              |          |          |
| output<11>                         | IOB              | OUTPUT    | LVCMOS25             |       | 12       | SLOW |              |          |          |
| output<12>                         | IOB              | OUTPUT    | LVCMOS25             |       | 12       | SLOW |              |          |          |
| output<13>                         | IOB              | OUTPUT    | LVCMOS25             |       | 12       | SLOW |              |          |          |
| output<14>                         | IOB              | OUTPUT    | LVCMOS25             |       | 12       | SLOW |              |          |          |
| output<15>                         | IOB              | OUTPUT    | LVCMOS25             |       | 12       | SLOW |              |          |          |
| output<16>                         | IOB              | OUTPUT    | LVCMOS25             |       | 12       | SLOW |              |          |          |
| output<17>                         | IOB              | OUTPUT    | LVCMOS25             |       | 12       | SLOW |              |          |          |
| output<18>                         | IOB              | OUTPUT    | LVCMOS25             |       | 12       | SLOW |              |          |          |
| output<19>                         | IOB              | OUTPUT    | LVCMOS25             |       | 12       | SLOW |              |          |          |
| output<20>                         | IOB              | OUTPUT    | LVCMOS25             |       | 12       | SLOW |              |          |          |
| output<21>                         | IOB              | OUTPUT    | LVCMOS25             |       | 12       | SLOW |              |          |          |
| output<22>                         | IOB              | OUTPUT    | LVCMOS25             |       | 12       | SLOW |              |          |          |
| output<23>                         | IOB              | OUTPUT    | LVCMOS25             |       | 12       | SLOW |              |          |          |
| output<24>                         | IOB              | OUTPUT    | LVCMOS25             |       | 12       | SLOW |              |          |          |
| output<25>                         | IOB              | OUTPUT    | LVCMOS25             |       | 12       | SLOW |              |          |          |
| output<26>                         | IOB              | OUTPUT    | LVCMOS25             |       | 12       | SLOW |              |          |          |
| output<27>                         | IOB              | OUTPUT    | LVCMOS25             |       | 12       | SLOW |              |          |          |
| output<28>                         | IOB              | OUTPUT    | LVCMOS25             |       | 12       | SLOW |              |          |          |
| output<29>                         | IOB              | OUTPUT    | LVCMOS25             |       | 12       | SLOW |              |          |          |
| output<30>                         | IOB              | OUTPUT    | LVCMOS25             |       | 12       | SLOW |              |          |          |
| output<31>                         | IOB              | OUTPUT    | LVCMOS25             |       | 12       | SLOW |              |          |          |
| output<32>                         | IOB              | OUTPUT    | LVCMOS25             |       | 12       | SLOW |              |          |          |
| output<33>                         | IOB              | OUTPUT    | LVCMOS25             |       | 12       | SLOW |              |          |          |
| output<34>                         | IOB              | OUTPUT    | LVCMOS25             |       | 12       | SLOW |              |          |          |
| output<35>                         | IOB              | OUTPUT    | LVCMOS25             |       | 12       | SLOW |              |          |          |
| output<36>                         | IOB              | OUTPUT    | LVCMOS25             |       | 12       | SLOW |              |          |          |
| output<37>                         | IOB              | OUTPUT    | LVCMOS25             |       | 12       | SLOW |              |          |          |
| output<38>                         | IOB              | OUTPUT    | LVCMOS25             |       | 12       | SLOW |              |          |          |
| output<39>                         | IOB              | OUTPUT    | LVCMOS25             |       | 12       | SLOW |              |          |          |
| rst_n                              | IOB              | INPUT     | LVCMOS25             |       |          |      |              |          |          |
| start                              | IOB              | INPUT     | LVCMOS25             |       |          |      |              |          |          |
+---------------------------------------------------------------------------------------------------------------------------------------------------------+

Section 7 - RPMs
----------------

Section 8 - Guide Report
------------------------
Guide not run on this design.

Section 9 - Area Group and Partition Summary
--------------------------------------------

Partition Implementation Status
-------------------------------

  No Partitions were found in this design.

-------------------------------

Area Group Information
----------------------

  No area groups were found in this design.

----------------------

Section 10 - Timing Report
--------------------------
A logic-level (pre-route) timing report can be generated by using Xilinx static
timing analysis tools, Timing Analyzer (GUI) or TRCE (command line), with the
mapped NCD and PCF files. Please note that this timing report will be generated
using estimated delay information. For accurate numbers, please generate a
timing report with the post Place and Route NCD file.

For more information about the Timing Analyzer, consult the Xilinx Timing
Analyzer Reference Manual; for more information about TRCE, consult the Xilinx
Command Line Tools User Guide "TRACE" chapter.

Section 11 - Configuration String Details
-----------------------------------------
Use the "-detail" map option to print out Configuration Strings

Section 12 - Control Set Information
------------------------------------
Use the "-detail" map option to print out Control Set Information.

Section 13 - Utilization by Hierarchy
-------------------------------------
Use the "-detail" map option to print out the Utilization by Hierarchy section.
