Release 12.1 - ngc2edif M.53d (nt)
Copyright (c) 1995-2010 Xilinx, Inc.  All rights reserved.
Reading design toplevel.ngc ...
WARNING:NetListWriters:298 - No output is written to toplevel.xncf, ignored.
Processing design ...
   Preping design's networks ...
   Preping design's macros ...
  finished :Prep
Writing EDIF netlist file toplevel.edif ...
ngc2edif: Total memory usage is 56264 kilobytes

Release 12.1 - ngc2edif M.53d (nt)
Copyright (c) 1995-2010 Xilinx, Inc.  All rights reserved.
Reading design serial_to_device.ngc ...
WARNING:NetListWriters:298 - No output is written to serial_to_device.xncf,
   ignored.
Processing design ...
   Preping design's networks ...
   Preping design's macros ...
  finished :Prep
Writing EDIF netlist file serial_to_device.edif ...
ngc2edif: Total memory usage is 57032 kilobytes

